<?xml version="1.0" encoding="UTF-8"?>
<!-- Generated by org.testng.reporters.JUnitReportReporter -->
<testsuite hostname="LAPTOP-G3UFNOIR" failures="0" tests="3" name="TestNG.Demo_BeforeAfter_Method1" time="0.020" errors="0" timestamp="2022-09-19T14:46:02 IST" skipped="0">
  <testcase classname="TestNG.Demo_BeforeAfter_Method1" name="logout" time="0.006"/>
  <system-out/>
  <testcase classname="TestNG.Demo_BeforeAfter_Method1" name="payment" time="0.012"/>
  <system-out/>
  <testcase classname="TestNG.Demo_BeforeAfter_Method1" name="ticket" time="0.002"/>
  <system-out/>
</testsuite> <!-- TestNG.Demo_BeforeAfter_Method1 -->
