<?xml version="1.0" encoding="UTF-8"?>
<!-- Generated by org.testng.reporters.JUnitReportReporter -->
<testsuite hostname="LAPTOP-G3UFNOIR" failures="0" tests="1" name="RestAssured.Get_Request01" time="1.951" errors="0" timestamp="2022-10-12T15:20:41 IST" skipped="0">
  <testcase classname="RestAssured.Get_Request01" name="GetSingleUser" time="1.951"/>
  <system-out/>
</testsuite> <!-- RestAssured.Get_Request01 -->
