<?xml version="1.0" encoding="UTF-8"?>
<!-- Generated by org.testng.reporters.JUnitReportReporter -->
<testsuite hostname="LAPTOP-G3UFNOIR" failures="0" tests="2" name="TestNG.BeforeAfterTest2" time="0.005" errors="0" timestamp="2022-09-20T21:30:03 IST" skipped="0">
  <testcase classname="TestNG.BeforeAfterTest2" name="payment" time="0.004"/>
  <system-out/>
  <testcase classname="TestNG.BeforeAfterTest2" name="ticket" time="0.001"/>
  <system-out/>
</testsuite> <!-- TestNG.BeforeAfterTest2 -->
