<?xml version="1.0" encoding="UTF-8"?>
<!-- Generated by org.testng.reporters.JUnitReportReporter -->
<testsuite hostname="LAPTOP-G3UFNOIR" failures="0" tests="2" name="TestNG.DemoBeforeAftermethod" time="0.006" errors="0" timestamp="2022-09-20T21:38:34 IST" skipped="0">
  <testcase classname="TestNG.DemoBeforeAftermethod" name="ticket" time="0.002"/>
  <system-out/>
  <testcase classname="TestNG.DemoBeforeAftermethod" name="payment" time="0.004"/>
  <system-out/>
</testsuite> <!-- TestNG.DemoBeforeAftermethod -->
