<?xml version="1.0" encoding="UTF-8"?>
<!-- Generated by org.testng.reporters.JUnitReportReporter -->
<testsuite hostname="LAPTOP-G3UFNOIR" failures="0" tests="2" name="TestNG.BeforeAfterMethod1" time="0.014" errors="0" timestamp="2022-09-20T21:34:17 IST" skipped="0">
  <testcase classname="TestNG.BeforeAfterMethod1" name="ticket" time="0.003"/>
  <system-out/>
  <testcase classname="TestNG.BeforeAfterMethod1" name="payment" time="0.011"/>
  <system-out/>
</testsuite> <!-- TestNG.BeforeAfterMethod1 -->
