<?xml version="1.0" encoding="UTF-8"?>
<!-- Generated by org.testng.reporters.JUnitReportReporter -->
<testsuite hostname="LAPTOP-G3UFNOIR" failures="0" tests="1" name="TestNG.Demo_BeforeAfter_Method" time="0.003" errors="0" timestamp="2022-09-19T14:41:59 IST" skipped="0">
  <testcase classname="TestNG.Demo_BeforeAfter_Method" name="method1" time="0.003"/>
  <system-out/>
</testsuite> <!-- TestNG.Demo_BeforeAfter_Method -->
