<?xml version="1.0" encoding="UTF-8"?>
<!-- Generated by org.testng.reporters.JUnitReportReporter -->
<testsuite hostname="LAPTOP-G3UFNOIR" failures="0" tests="2" name="TestNG.BeforeAfterTest" time="0.006" errors="0" timestamp="2022-10-10T19:21:13 IST" skipped="0">
  <testcase classname="TestNG.BeforeAfterTest" name="ticket" time="0.001"/>
  <system-out/>
  <testcase classname="TestNG.BeforeAfterTest" name="payment" time="0.005"/>
  <system-out/>
</testsuite> <!-- TestNG.BeforeAfterTest -->
