<?xml version="1.0" encoding="UTF-8"?>
<!-- Generated by org.testng.reporters.JUnitReportReporter -->
<testsuite hostname="LAPTOP-G3UFNOIR" failures="0" tests="2" name="TestNG.Demo_Test2" time="0.009" errors="0" timestamp="2022-09-19T17:44:18 IST" skipped="0">
  <testcase classname="TestNG.Demo_Test2" name="redbuslogin" time="0.008"/>
  <system-out/>
  <testcase classname="TestNG.Demo_Test2" name="redbuspayment" time="0.001"/>
  <system-out/>
</testsuite> <!-- TestNG.Demo_Test2 -->
