<?xml version="1.0" encoding="UTF-8"?>
<!-- Generated by org.testng.reporters.JUnitReportReporter -->
<testsuite hostname="LAPTOP-G3UFNOIR" failures="0" tests="2" name="TestNG.ADemo2" time="0.003" errors="0" timestamp="2022-09-19T14:46:02 IST" skipped="0">
  <testcase classname="TestNG.ADemo2" name="method1" time="0.001"/>
  <system-out/>
  <testcase classname="TestNG.ADemo2" name="method3" time="0.002"/>
  <system-out/>
</testsuite> <!-- TestNG.ADemo2 -->
