<?xml version="1.0" encoding="UTF-8"?>
<!-- Generated by org.testng.reporters.JUnitReportReporter -->
<testsuite hostname="LAPTOP-G3UFNOIR" failures="0" tests="3" name="TestNG.DataDriventesting" time="145.990" errors="0" timestamp="2022-09-22T14:59:19 IST" skipped="0">
  <testcase classname="TestNG.DataDriventesting" name="login" time="44.748"/>
  <system-out/>
  <testcase classname="TestNG.DataDriventesting" name="login" time="46.743"/>
  <system-out/>
  <testcase classname="TestNG.DataDriventesting" name="login" time="54.499"/>
  <system-out/>
</testsuite> <!-- TestNG.DataDriventesting -->
