<?xml version="1.0" encoding="UTF-8"?>
<!-- Generated by org.testng.reporters.JUnitReportReporter -->
<testsuite hostname="LAPTOP-G3UFNOIR" failures="0" tests="3" name="TestNG.DemoTestParameters" time="0.008" errors="0" timestamp="2022-09-20T22:06:43 IST" skipped="1">
  <testcase classname="TestNG.DemoTestParameters" name="method3" time="0.001"/>
  <system-out/>
  <testcase classname="TestNG.DemoTestParameters" name="method2" time="0.007"/>
  <system-out/>
  <testcase classname="TestNG.DemoTestParameters" name="method1">
    <skipped/>
  </testcase> <!-- method1 -->
  <system-out/>
</testsuite> <!-- TestNG.DemoTestParameters -->
