<?xml version="1.0" encoding="UTF-8"?>
<!-- Generated by org.testng.reporters.JUnitReportReporter -->
<testsuite hostname="LAPTOP-G3UFNOIR" failures="0" tests="3" name="TestNG.BeforeAfterGroup" time="0.010" errors="0" timestamp="2022-09-21T17:48:28 IST" skipped="0">
  <testcase classname="TestNG.BeforeAfterGroup" name="method1" time="0.006"/>
  <system-out/>
  <testcase classname="TestNG.BeforeAfterGroup" name="method3" time="0.001"/>
  <system-out/>
  <testcase classname="TestNG.BeforeAfterGroup" name="method2" time="0.003"/>
  <system-out/>
</testsuite> <!-- TestNG.BeforeAfterGroup -->
