<?xml version="1.0" encoding="UTF-8"?>
<!-- Generated by org.testng.reporters.JUnitReportReporter -->
<testsuite hostname="LAPTOP-G3UFNOIR" failures="0" tests="2" name="TestNG.Demo1" time="0.009" errors="0" timestamp="2022-10-11T23:08:11 IST" skipped="0">
  <testcase classname="TestNG.Demo1" name="login" time="0.008"/>
  <system-out/>
  <testcase classname="TestNG.Demo1" name="ticketBooking" time="0.001"/>
  <system-out/>
</testsuite> <!-- TestNG.Demo1 -->
