<?xml version="1.0" encoding="UTF-8"?>
<!-- Generated by org.testng.reporters.JUnitReportReporter -->
<testsuite hostname="LAPTOP-G3UFNOIR" failures="0" tests="1" name="TestNG.Before_After_Class2" time="0.007" errors="0" timestamp="2022-09-21T17:48:28 IST" skipped="0">
  <testcase classname="TestNG.Before_After_Class2" name="method1" time="0.007"/>
  <system-out/>
</testsuite> <!-- TestNG.Before_After_Class2 -->
