<?xml version="1.0" encoding="UTF-8"?>
<!-- Generated by org.testng.reporters.JUnitReportReporter -->
<testsuite hostname="LAPTOP-G3UFNOIR" failures="0" tests="1" name="RestAssured.Get_Request" time="2.229" errors="0" timestamp="2022-10-12T15:20:26 IST" skipped="0">
  <testcase classname="RestAssured.Get_Request" name="get" time="2.229"/>
  <system-out/>
</testsuite> <!-- RestAssured.Get_Request -->
