<?xml version="1.0" encoding="UTF-8"?>
<!-- Generated by org.testng.reporters.JUnitReportReporter -->
<testsuite hostname="LAPTOP-G3UFNOIR" failures="0" tests="2" name="TestNG.Demo2" time="0.003" errors="0" timestamp="2022-09-19T14:44:57 IST" skipped="0">
  <testcase classname="TestNG.Demo2" name="method3" time="0.002"/>
  <system-out/>
  <testcase classname="TestNG.Demo2" name="method1" time="0.001"/>
  <system-out/>
</testsuite> <!-- TestNG.Demo2 -->
