<?xml version="1.0" encoding="UTF-8"?>
<!-- Generated by org.testng.reporters.JUnitReportReporter -->
<testsuite hostname="LAPTOP-G3UFNOIR" failures="0" tests="2" name="TestNG.aest1" time="0.019" errors="0" timestamp="2022-09-20T21:38:34 IST" skipped="0">
  <testcase classname="TestNG.aest1" name="method1" time="0.017"/>
  <system-out/>
  <testcase classname="TestNG.aest1" name="method3" time="0.002"/>
  <system-out/>
</testsuite> <!-- TestNG.aest1 -->
