<?xml version="1.0" encoding="UTF-8"?>
<!-- Generated by org.testng.reporters.JUnitReportReporter -->
<testsuite hostname="LAPTOP-G3UFNOIR" failures="0" tests="2" name="TestNG.ADemo_Test" time="0.004" errors="0" timestamp="2022-09-19T14:12:41 IST" skipped="0">
  <testcase classname="TestNG.ADemo_Test" name="redbuspayment" time="0.003"/>
  <system-out/>
  <testcase classname="TestNG.ADemo_Test" name="redbuslogin" time="0.001"/>
  <system-out/>
</testsuite> <!-- TestNG.ADemo_Test -->
