<?xml version="1.0" encoding="UTF-8"?>
<!-- Generated by org.testng.reporters.JUnitReportReporter -->
<testsuite hostname="LAPTOP-G3UFNOIR" failures="0" tests="1" name="TestNG.BeforeAfterTest1" time="0.001" errors="0" timestamp="2022-10-10T19:21:13 IST" skipped="0">
  <testcase classname="TestNG.BeforeAfterTest1" name="ticket" time="0.001"/>
  <system-out/>
</testsuite> <!-- TestNG.BeforeAfterTest1 -->
