<?xml version="1.0" encoding="UTF-8"?>
<!-- Generated by org.testng.reporters.JUnitReportReporter -->
<testsuite hostname="LAPTOP-G3UFNOIR" failures="0" tests="3" name="TestNG.test1" time="0.016" errors="0" timestamp="2022-09-19T14:58:20 IST" skipped="0">
  <testcase classname="TestNG.test1" name="logout" time="0.007"/>
  <system-out/>
  <testcase classname="TestNG.test1" name="payment" time="0.008"/>
  <system-out/>
  <testcase classname="TestNG.test1" name="ticket" time="0.001"/>
  <system-out/>
</testsuite> <!-- TestNG.test1 -->
